1540888220376	mozrunner::runner	INFO	Running command: "C:\\Program Files (x86)\\Mozilla Firefox\\firefox.exe" "-marionette" "-foreground" "-no-remote" "-profile" "C:\\Users\\Administrator\\AppData\\Local\\Temp\\rust_mozprofile.Dj7fBVJAq6dW"
1540889679466	mozrunner::runner	INFO	Running command: "C:\\Program Files (x86)\\Mozilla Firefox\\firefox.exe" "-marionette" "-foreground" "-no-remote" "-profile" "C:\\Users\\Administrator\\AppData\\Local\\Temp\\rust_mozprofile.KuyOMiGGnWIv"
1540889705673	Marionette	INFO	Listening on port 53634
[Child 53920, Chrome_ChildThread] WARNING: pipe error: 109: file z:/build/build/src/ipc/chromium/src/chrome/common/ipc_channel_win.cc, line 346
[Child 53920, Chrome_ChildThread] WARNING: pipe error: 109: file z:/build/build/src/ipc/chromium/src/chrome/common/ipc_channel_win.cc, line 346
[Parent 51444, Gecko_IOThread] WARNING: file z:/build/build/src/ipc/chromium/src/base/process_util_win.cc, line 188
1540889706366	Marionette	WARN	TLS certificate errors will be ignored for this session
[Child 54964, Chrome_ChildThread] WARNING: pipe error: 109: file z:/build/build/src/ipc/chromium/src/chrome/common/ipc_channel_win.cc, line 346
[Child 54964, Chrome_ChildThread] WARNING: pipe error: 109: file z:/build/build/src/ipc/chromium/src/chrome/common/ipc_channel_win.cc, line 346
[Child 36556, Chrome_ChildThread] WARNING: pipe error: 109: file z:/build/build/src/ipc/chromium/src/chrome/common/ipc_channel_win.cc, line 346
[Child 55392, Chrome_ChildThread] WARNING: pipe error: 109: file z:/build/build/src/ipc/chromium/src/chrome/common/ipc_channel_win.cc, line 346
[Parent 51444, Gecko_IOThread] WARNING: file z:/build/build/src/ipc/chromium/src/base/process_util_win.cc, line 188
*** UTM:SVC TimerManager:registerTimer called after profile-before-change notification. Ignoring timer registration for id: telemetry_modules_ping
1540889798058	mozrunner::runner	INFO	Running command: "C:\\Program Files (x86)\\Mozilla Firefox\\firefox.exe" "-marionette" "-foreground" "-no-remote" "-profile" "C:\\Users\\Administrator\\AppData\\Local\\Temp\\rust_mozprofile.6Xm6SDUjsDDC"
1540889808142	Marionette	INFO	Listening on port 53879
1540889808566	Marionette	WARN	TLS certificate errors will be ignored for this session
1540889813336	addons.xpi	WARN	Exception running bootstrap method shutdown on activity-stream@mozilla.org: [Exception... "Component returned failure code: 0x80004005 (NS_ERROR_FAILURE) [nsIObserverService.removeObserver]"  nsresult: "0x80004005 (NS_ERROR_FAILURE)"  location: "JS frame :: resource://activity-stream/lib/TelemetryFeed.jsm :: uninit :: line 493"  data: no] Stack trace: uninit()@resource://activity-stream/lib/TelemetryFeed.jsm:493
onAction()@resource://activity-stream/lib/TelemetryFeed.jsm:451
_middleware/</<()@resource://activity-stream/lib/Store.jsm:51
Store/this[method]()@resource://activity-stream/lib/Store.jsm:29
uninit()@resource://activity-stream/lib/Store.jsm:170
uninit()@resource://activity-stream/lib/ActivityStream.jsm:318
uninit()@resource://gre/modules/addons/XPIProvider.jsm -> jar:file:///C:/Program%20Files%20(x86)/Mozilla%20Firefox/browser/features/activity-stream@mozilla.org.xpi!/bootstrap.js:79
shutdown()@resource://gre/modules/addons/XPIProvider.jsm -> jar:file:///C:/Program%20Files%20(x86)/Mozilla%20Firefox/browser/features/activity-stream@mozilla.org.xpi!/bootstrap.js:187
callBootstrapMethod()@resource://gre/modules/addons/XPIProvider.jsm:2757
observe()@resource://gre/modules/addons/XPIProvider.jsm:1672
[Parent 53756, Gecko_IOThread] WARNING: pipe error: 109: file z:/build/build/src/ipc/chromium/src/chrome/common/ipc_channel_win.cc, line 346
[Child 54572, Chrome_ChildThread] WARNING: pipe error: 109: file z:/build/build/src/ipc/chromium/src/chrome/common/ipc_channel_win.cc, line 346
[Child 45404, Chrome_ChildThread] WARNING: pipe error: 109: file z:/build/build/src/ipc/chromium/src/chrome/common/ipc_channel_win.cc, line 346
[Parent 53756, Gecko_IOThread] WARNING: pipe error: 109: file z:/build/build/src/ipc/chromium/src/chrome/common/ipc_channel_win.cc, line 346
[Child 21660, Chrome_ChildThread] WARNING: pipe error: 109: file z:/build/build/src/ipc/chromium/src/chrome/common/ipc_channel_win.cc, line 346
[Child 21660, Chrome_ChildThread] WARNING: pipe error: 109: file z:/build/build/src/ipc/chromium/src/chrome/common/ipc_channel_win.cc, line 346
*** UTM:SVC TimerManager:registerTimer called after profile-before-change notification. Ignoring timer registration for id: telemetry_modules_ping
[GPU 8916, Chrome_ChildThread] WARNING: pipe error: 109: file z:/build/build/src/ipc/chromium/src/chrome/common/ipc_channel_win.cc, line 346
